11:55:41 │ INFO     │ ✅ Đọc cấu hình từ D:\dsr-project\python_scraper\config.json thành công
11:55:41 │ INFO     │ ✅ Đã ghi đè cấu hình từ user_settings.json
11:55:41 │ INFO     │ ════════════════════════════════════════════════════════════
11:55:41 │ INFO     │ 🏁 BẮT ĐẦU THU THẬP DỮ LIỆU TỪ VIETNAMWORKS.COM
11:55:41 │ INFO     │    URL: https://www.vietnamworks.com/viec-lam?q=it-software
11:55:41 │ INFO     │    Số trang tối đa: 1
11:55:41 │ INFO     │ ════════════════════════════════════════════════════════════
11:55:42 │ INFO     │ 🚀 Trình duyệt đã khởi tạo (headless=False)
11:55:42 │ INFO     │ 🌐 Đang truy cập https://www.vietnamworks.com/viec-lam?q=it-software ...
11:56:02 │ INFO     │ ────────────────────────────────────────
11:56:02 │ INFO     │ 📖 Đang xử lý trang 1/1 ...
11:56:08 │ INFO     │ Tìm thấy 50 job cards với selector 'css:div[data-job-card-version]'
12:02:27 │ INFO     │ 📄 Trang 1/1: Thu thập 50/50 việc làm (tổng cộng: 50)
12:02:27 │ INFO     │ 💾 Đã lưu 50 việc làm → D:\dsr-project\data\raw\vnw_jobs_raw.csv
12:02:28 │ INFO     │ 🔒 Trình duyệt đã đóng
12:02:28 │ INFO     │ ════════════════════════════════════════════════════════════
12:02:28 │ INFO     │ ✅ HOÀN THÀNH: 50 việc làm trong 406.9 giây
12:02:28 │ INFO     │ ════════════════════════════════════════════════════════════
12:21:19 │ INFO     │ ✅ Đọc cấu hình từ D:\dsr-project\python_scraper\config.json thành công
12:21:19 │ INFO     │ ✅ Đã ghi đè cấu hình từ user_settings.json
12:21:19 │ INFO     │ ════════════════════════════════════════════════════════════
12:21:19 │ INFO     │ 🏁 BẮT ĐẦU THU THẬP DỮ LIỆU TỪ VIETNAMWORKS.COM
12:21:19 │ INFO     │    URL: https://www.vietnamworks.com/viec-lam?q=it-software
12:21:19 │ INFO     │    Số trang tối đa: 1
12:21:19 │ INFO     │ ════════════════════════════════════════════════════════════
12:21:19 │ INFO     │ 🚀 Trình duyệt đã khởi tạo (headless=False)
12:21:19 │ INFO     │ 🌐 Đang truy cập https://www.vietnamworks.com/viec-lam?q=it-software ...
12:21:37 │ INFO     │ ────────────────────────────────────────
12:21:37 │ INFO     │ 📖 Đang xử lý trang 1/1 ...
12:21:43 │ INFO     │ Tìm thấy 50 job cards với selector 'css:div[data-job-card-version]'
12:27:59 │ INFO     │ 📄 Trang 1/1: Thu thập 50/50 việc làm (tổng cộng: 50)
12:27:59 │ INFO     │ 💾 Đã lưu 50 việc làm → D:\dsr-project\data\raw\vnw_jobs_raw.csv
12:28:00 │ INFO     │ 🔒 Trình duyệt đã đóng
12:28:00 │ INFO     │ ════════════════════════════════════════════════════════════
12:28:00 │ INFO     │ ✅ HOÀN THÀNH: 50 việc làm trong 401.0 giây
12:28:00 │ INFO     │ ════════════════════════════════════════════════════════════
